2024-02-23 15:38:17,352 - cammer_logger - INFO - Running CAMmer
2024-02-23 15:38:17,353 - cammer_logger - INFO - ['-l', 'F.Cu,In1.Cu,In2.Cu,B.Cu,F.Paste,B.Paste,F.Silkscreen,B.Silkscreen,F.Mask,B.Mask', '-e', 'Edge.Cuts,User.Comments']
2024-02-23 15:38:17,354 - cammer_logger - INFO - CAMMER START: 2024-02-23T15:38:17.354924
2024-02-23 15:38:18,256 - cammer_logger - INFO - 
START: 2024-02-23T15:38:17.354924
Deleting existing C:/Users/pete.lewis/Documents/GitHub/SparkFun_Stepper_Motor_Breakout_TC78H670FTG/Hardware/Production/SparkFun_Stepper_Motor_Breakout_TC78H670FTG_panelized.GTL
Renaming C:/Users/pete.lewis/Documents/GitHub/SparkFun_Stepper_Motor_Breakout_TC78H670FTG/Hardware/Production/SparkFun_Stepper_Motor_Breakout_TC78H670FTG_panelized-F_Cu.gbr to C:/Users/pete.lewis/Documents/GitHub/SparkFun_Stepper_Motor_Breakout_TC78H670FTG/Hardware/Production/SparkFun_Stepper_Motor_Breakout_TC78H670FTG_panelized.GTL
Deleting existing C:/Users/pete.lewis/Documents/GitHub/SparkFun_Stepper_Motor_Breakout_TC78H670FTG/Hardware/Production/SparkFun_Stepper_Motor_Breakout_TC78H670FTG_panelized.GL1
Renaming C:/Users/pete.lewis/Documents/GitHub/SparkFun_Stepper_Motor_Breakout_TC78H670FTG/Hardware/Production/SparkFun_Stepper_Motor_Breakout_TC78H670FTG_panelized-In1_Cu.gbr to C:/Users/pete.lewis/Documents/GitHub/SparkFun_Stepper_Motor_Breakout_TC78H670FTG/Hardware/Production/SparkFun_Stepper_Motor_Breakout_TC78H670FTG_panelized.GL1
Deleting existing C:/Users/pete.lewis/Documents/GitHub/SparkFun_Stepper_Motor_Breakout_TC78H670FTG/Hardware/Production/SparkFun_Stepper_Motor_Breakout_TC78H670FTG_panelized.GL2
Renaming C:/Users/pete.lewis/Documents/GitHub/SparkFun_Stepper_Motor_Breakout_TC78H670FTG/Hardware/Production/SparkFun_Stepper_Motor_Breakout_TC78H670FTG_panelized-In2_Cu.gbr to C:/Users/pete.lewis/Documents/GitHub/SparkFun_Stepper_Motor_Breakout_TC78H670FTG/Hardware/Production/SparkFun_Stepper_Motor_Breakout_TC78H670FTG_panelized.GL2
Deleting existing C:/Users/pete.lewis/Documents/GitHub/SparkFun_Stepper_Motor_Breakout_TC78H670FTG/Hardware/Production/SparkFun_Stepper_Motor_Breakout_TC78H670FTG_panelized.GBL
Renaming C:/Users/pete.lewis/Documents/GitHub/SparkFun_Stepper_Motor_Breakout_TC78H670FTG/Hardware/Production/SparkFun_Stepper_Motor_Breakout_TC78H670FTG_panelized-B_Cu.gbr to C:/Users/pete.lewis/Documents/GitHub/SparkFun_Stepper_Motor_Breakout_TC78H670FTG/Hardware/Production/SparkFun_Stepper_Motor_Breakout_TC78H670FTG_panelized.GBL
Deleting existing C:/Users/pete.lewis/Documents/GitHub/SparkFun_Stepper_Motor_Breakout_TC78H670FTG/Hardware/Production/SparkFun_Stepper_Motor_Breakout_TC78H670FTG_panelized.GTP
Renaming C:/Users/pete.lewis/Documents/GitHub/SparkFun_Stepper_Motor_Breakout_TC78H670FTG/Hardware/Production/SparkFun_Stepper_Motor_Breakout_TC78H670FTG_panelized-F_Paste.gbr to C:/Users/pete.lewis/Documents/GitHub/SparkFun_Stepper_Motor_Breakout_TC78H670FTG/Hardware/Production/SparkFun_Stepper_Motor_Breakout_TC78H670FTG_panelized.GTP
Deleting existing C:/Users/pete.lewis/Documents/GitHub/SparkFun_Stepper_Motor_Breakout_TC78H670FTG/Hardware/Production/SparkFun_Stepper_Motor_Breakout_TC78H670FTG_panelized.GBP
Renaming C:/Users/pete.lewis/Documents/GitHub/SparkFun_Stepper_Motor_Breakout_TC78H670FTG/Hardware/Production/SparkFun_Stepper_Motor_Breakout_TC78H670FTG_panelized-B_Paste.gbr to C:/Users/pete.lewis/Documents/GitHub/SparkFun_Stepper_Motor_Breakout_TC78H670FTG/Hardware/Production/SparkFun_Stepper_Motor_Breakout_TC78H670FTG_panelized.GBP
Deleting existing C:/Users/pete.lewis/Documents/GitHub/SparkFun_Stepper_Motor_Breakout_TC78H670FTG/Hardware/Production/SparkFun_Stepper_Motor_Breakout_TC78H670FTG_panelized.GTO
Renaming C:/Users/pete.lewis/Documents/GitHub/SparkFun_Stepper_Motor_Breakout_TC78H670FTG/Hardware/Production/SparkFun_Stepper_Motor_Breakout_TC78H670FTG_panelized-F_Silkscreen.gbr to C:/Users/pete.lewis/Documents/GitHub/SparkFun_Stepper_Motor_Breakout_TC78H670FTG/Hardware/Production/SparkFun_Stepper_Motor_Breakout_TC78H670FTG_panelized.GTO
Deleting existing C:/Users/pete.lewis/Documents/GitHub/SparkFun_Stepper_Motor_Breakout_TC78H670FTG/Hardware/Production/SparkFun_Stepper_Motor_Breakout_TC78H670FTG_panelized.GBO
Renaming C:/Users/pete.lewis/Documents/GitHub/SparkFun_Stepper_Motor_Breakout_TC78H670FTG/Hardware/Production/SparkFun_Stepper_Motor_Breakout_TC78H670FTG_panelized-B_Silkscreen.gbr to C:/Users/pete.lewis/Documents/GitHub/SparkFun_Stepper_Motor_Breakout_TC78H670FTG/Hardware/Production/SparkFun_Stepper_Motor_Breakout_TC78H670FTG_panelized.GBO
Deleting existing C:/Users/pete.lewis/Documents/GitHub/SparkFun_Stepper_Motor_Breakout_TC78H670FTG/Hardware/Production/SparkFun_Stepper_Motor_Breakout_TC78H670FTG_panelized.GTS
Renaming C:/Users/pete.lewis/Documents/GitHub/SparkFun_Stepper_Motor_Breakout_TC78H670FTG/Hardware/Production/SparkFun_Stepper_Motor_Breakout_TC78H670FTG_panelized-F_Mask.gbr to C:/Users/pete.lewis/Documents/GitHub/SparkFun_Stepper_Motor_Breakout_TC78H670FTG/Hardware/Production/SparkFun_Stepper_Motor_Breakout_TC78H670FTG_panelized.GTS
Deleting existing C:/Users/pete.lewis/Documents/GitHub/SparkFun_Stepper_Motor_Breakout_TC78H670FTG/Hardware/Production/SparkFun_Stepper_Motor_Breakout_TC78H670FTG_panelized.GBS
Renaming C:/Users/pete.lewis/Documents/GitHub/SparkFun_Stepper_Motor_Breakout_TC78H670FTG/Hardware/Production/SparkFun_Stepper_Motor_Breakout_TC78H670FTG_panelized-B_Mask.gbr to C:/Users/pete.lewis/Documents/GitHub/SparkFun_Stepper_Motor_Breakout_TC78H670FTG/Hardware/Production/SparkFun_Stepper_Motor_Breakout_TC78H670FTG_panelized.GBS
Deleting existing C:/Users/pete.lewis/Documents/GitHub/SparkFun_Stepper_Motor_Breakout_TC78H670FTG/Hardware/Production/SparkFun_Stepper_Motor_Breakout_TC78H670FTG_panelized.GKO
Renaming C:/Users/pete.lewis/Documents/GitHub/SparkFun_Stepper_Motor_Breakout_TC78H670FTG/Hardware/Production/SparkFun_Stepper_Motor_Breakout_TC78H670FTG_panelized-Edge_Cuts.gbr to C:/Users/pete.lewis/Documents/GitHub/SparkFun_Stepper_Motor_Breakout_TC78H670FTG/Hardware/Production/SparkFun_Stepper_Motor_Breakout_TC78H670FTG_panelized.GKO
Drill report: C:\Users\pete.lewis\Documents\GitHub\SparkFun_Stepper_Motor_Breakout_TC78H670FTG\Hardware\Production\drill_report.rpt

2024-02-23 15:38:18,263 - cammer_logger - INFO - CAMmer complete
